Detecting the CUDA native architecture(s) failed with the following output:
  No CUDA devices found.

Performing C SOURCE FILE Test CMAKE_HAVE_LIBC_PTHREAD failed with the following output:
Change Dir: /home/poweruser/junda.feng/Flash-LightSeq/build/CMakeFiles/CMakeScratch/TryCompile-3UtwtD

Run Build Command(s):/usr/bin/make -f Makefile cmTC_78d9c/fast && /usr/bin/make  -f CMakeFiles/cmTC_78d9c.dir/build.make CMakeFiles/cmTC_78d9c.dir/build
make[1]: Entering directory '/home/poweruser/junda.feng/Flash-LightSeq/build/CMakeFiles/CMakeScratch/TryCompile-3UtwtD'
Building C object CMakeFiles/cmTC_78d9c.dir/src.c.o
/usr/bin/cc -DCMAKE_HAVE_LIBC_PTHREAD  -fPIC  -o CMakeFiles/cmTC_78d9c.dir/src.c.o -c /home/poweruser/junda.feng/Flash-LightSeq/build/CMakeFiles/CMakeScratch/TryCompile-3UtwtD/src.c
Linking C executable cmTC_78d9c
/usr/local/bin/cmake -E cmake_link_script CMakeFiles/cmTC_78d9c.dir/link.txt --verbose=1
/usr/bin/cc -fPIC  CMakeFiles/cmTC_78d9c.dir/src.c.o -o cmTC_78d9c 
CMakeFiles/cmTC_78d9c.dir/src.c.o: In function `main':
src.c:(.text+0x3e): undefined reference to `pthread_create'
src.c:(.text+0x4a): undefined reference to `pthread_detach'
src.c:(.text+0x56): undefined reference to `pthread_cancel'
src.c:(.text+0x67): undefined reference to `pthread_join'
src.c:(.text+0x7b): undefined reference to `pthread_atfork'
collect2: error: ld returned 1 exit status
CMakeFiles/cmTC_78d9c.dir/build.make:98: recipe for target 'cmTC_78d9c' failed
make[1]: *** [cmTC_78d9c] Error 1
make[1]: Leaving directory '/home/poweruser/junda.feng/Flash-LightSeq/build/CMakeFiles/CMakeScratch/TryCompile-3UtwtD'
Makefile:127: recipe for target 'cmTC_78d9c/fast' failed
make: *** [cmTC_78d9c/fast] Error 2


Source file was:
#include <pthread.h>

static void* test_func(void* data)
{
  return data;
}

int main(void)
{
  pthread_t thread;
  pthread_create(&thread, NULL, test_func, NULL);
  pthread_detach(thread);
  pthread_cancel(thread);
  pthread_join(thread, NULL);
  pthread_atfork(NULL, NULL, NULL);
  pthread_exit(NULL);

  return 0;
}


Determining if the function pthread_create exists in the pthreads failed with the following output:
Change Dir: /home/poweruser/junda.feng/Flash-LightSeq/build/CMakeFiles/CMakeScratch/TryCompile-QbHX5y

Run Build Command(s):/usr/bin/make -f Makefile cmTC_d9454/fast && /usr/bin/make  -f CMakeFiles/cmTC_d9454.dir/build.make CMakeFiles/cmTC_d9454.dir/build
make[1]: Entering directory '/home/poweruser/junda.feng/Flash-LightSeq/build/CMakeFiles/CMakeScratch/TryCompile-QbHX5y'
Building C object CMakeFiles/cmTC_d9454.dir/CheckFunctionExists.c.o
/usr/bin/cc   -fPIC -DCHECK_FUNCTION_EXISTS=pthread_create -o CMakeFiles/cmTC_d9454.dir/CheckFunctionExists.c.o -c /home/poweruser/junda.feng/Flash-LightSeq/build/CMakeFiles/CMakeScratch/TryCompile-QbHX5y/CheckFunctionExists.c
Linking C executable cmTC_d9454
/usr/local/bin/cmake -E cmake_link_script CMakeFiles/cmTC_d9454.dir/link.txt --verbose=1
/usr/bin/cc -fPIC -DCHECK_FUNCTION_EXISTS=pthread_create CMakeFiles/cmTC_d9454.dir/CheckFunctionExists.c.o -o cmTC_d9454  -lpthreads 
/usr/bin/ld: cannot find -lpthreads
collect2: error: ld returned 1 exit status
CMakeFiles/cmTC_d9454.dir/build.make:98: recipe for target 'cmTC_d9454' failed
make[1]: *** [cmTC_d9454] Error 1
make[1]: Leaving directory '/home/poweruser/junda.feng/Flash-LightSeq/build/CMakeFiles/CMakeScratch/TryCompile-QbHX5y'
Makefile:127: recipe for target 'cmTC_d9454/fast' failed
make: *** [cmTC_d9454/fast] Error 2



Detecting the CUDA native architecture(s) failed with the following output:
  No CUDA devices found.

Performing C SOURCE FILE Test CMAKE_HAVE_LIBC_PTHREAD failed with the following output:
Change Dir: /home/poweruser/junda.feng/Flash-LightSeq/build/CMakeFiles/CMakeScratch/TryCompile-7NdbjV

Run Build Command(s):/usr/bin/make -f Makefile cmTC_69514/fast && /usr/bin/make  -f CMakeFiles/cmTC_69514.dir/build.make CMakeFiles/cmTC_69514.dir/build
make[1]: Entering directory '/home/poweruser/junda.feng/Flash-LightSeq/build/CMakeFiles/CMakeScratch/TryCompile-7NdbjV'
Building C object CMakeFiles/cmTC_69514.dir/src.c.o
/usr/bin/cc -DCMAKE_HAVE_LIBC_PTHREAD  -fPIC  -o CMakeFiles/cmTC_69514.dir/src.c.o -c /home/poweruser/junda.feng/Flash-LightSeq/build/CMakeFiles/CMakeScratch/TryCompile-7NdbjV/src.c
Linking C executable cmTC_69514
/usr/local/bin/cmake -E cmake_link_script CMakeFiles/cmTC_69514.dir/link.txt --verbose=1
/usr/bin/cc -fPIC  CMakeFiles/cmTC_69514.dir/src.c.o -o cmTC_69514 
CMakeFiles/cmTC_69514.dir/src.c.o: In function `main':
src.c:(.text+0x3e): undefined reference to `pthread_create'
src.c:(.text+0x4a): undefined reference to `pthread_detach'
src.c:(.text+0x56): undefined reference to `pthread_cancel'
src.c:(.text+0x67): undefined reference to `pthread_join'
src.c:(.text+0x7b): undefined reference to `pthread_atfork'
collect2: error: ld returned 1 exit status
CMakeFiles/cmTC_69514.dir/build.make:98: recipe for target 'cmTC_69514' failed
make[1]: *** [cmTC_69514] Error 1
make[1]: Leaving directory '/home/poweruser/junda.feng/Flash-LightSeq/build/CMakeFiles/CMakeScratch/TryCompile-7NdbjV'
Makefile:127: recipe for target 'cmTC_69514/fast' failed
make: *** [cmTC_69514/fast] Error 2


Source file was:
#include <pthread.h>

static void* test_func(void* data)
{
  return data;
}

int main(void)
{
  pthread_t thread;
  pthread_create(&thread, NULL, test_func, NULL);
  pthread_detach(thread);
  pthread_cancel(thread);
  pthread_join(thread, NULL);
  pthread_atfork(NULL, NULL, NULL);
  pthread_exit(NULL);

  return 0;
}


Determining if the function pthread_create exists in the pthreads failed with the following output:
Change Dir: /home/poweruser/junda.feng/Flash-LightSeq/build/CMakeFiles/CMakeScratch/TryCompile-EfjwXy

Run Build Command(s):/usr/bin/make -f Makefile cmTC_b9077/fast && /usr/bin/make  -f CMakeFiles/cmTC_b9077.dir/build.make CMakeFiles/cmTC_b9077.dir/build
make[1]: Entering directory '/home/poweruser/junda.feng/Flash-LightSeq/build/CMakeFiles/CMakeScratch/TryCompile-EfjwXy'
Building C object CMakeFiles/cmTC_b9077.dir/CheckFunctionExists.c.o
/usr/bin/cc   -fPIC -DCHECK_FUNCTION_EXISTS=pthread_create -o CMakeFiles/cmTC_b9077.dir/CheckFunctionExists.c.o -c /home/poweruser/junda.feng/Flash-LightSeq/build/CMakeFiles/CMakeScratch/TryCompile-EfjwXy/CheckFunctionExists.c
Linking C executable cmTC_b9077
/usr/local/bin/cmake -E cmake_link_script CMakeFiles/cmTC_b9077.dir/link.txt --verbose=1
/usr/bin/cc -fPIC -DCHECK_FUNCTION_EXISTS=pthread_create CMakeFiles/cmTC_b9077.dir/CheckFunctionExists.c.o -o cmTC_b9077  -lpthreads 
/usr/bin/ld: cannot find -lpthreads
collect2: error: ld returned 1 exit status
CMakeFiles/cmTC_b9077.dir/build.make:98: recipe for target 'cmTC_b9077' failed
make[1]: *** [cmTC_b9077] Error 1
make[1]: Leaving directory '/home/poweruser/junda.feng/Flash-LightSeq/build/CMakeFiles/CMakeScratch/TryCompile-EfjwXy'
Makefile:127: recipe for target 'cmTC_b9077/fast' failed
make: *** [cmTC_b9077/fast] Error 2



Detecting the CUDA native architecture(s) failed with the following output:
  No CUDA devices found.

Performing C SOURCE FILE Test CMAKE_HAVE_LIBC_PTHREAD failed with the following output:
Change Dir: /home/poweruser/junda.feng/cuTransDNN/build/CMakeFiles/CMakeScratch/TryCompile-N4H6Qr

Run Build Command(s):/usr/bin/make -f Makefile cmTC_180e4/fast && /usr/bin/make  -f CMakeFiles/cmTC_180e4.dir/build.make CMakeFiles/cmTC_180e4.dir/build
make[1]: Entering directory '/home/poweruser/junda.feng/cuTransDNN/build/CMakeFiles/CMakeScratch/TryCompile-N4H6Qr'
Building C object CMakeFiles/cmTC_180e4.dir/src.c.o
/usr/bin/cc -DCMAKE_HAVE_LIBC_PTHREAD  -fPIC  -o CMakeFiles/cmTC_180e4.dir/src.c.o -c /home/poweruser/junda.feng/cuTransDNN/build/CMakeFiles/CMakeScratch/TryCompile-N4H6Qr/src.c
Linking C executable cmTC_180e4
/usr/local/bin/cmake -E cmake_link_script CMakeFiles/cmTC_180e4.dir/link.txt --verbose=1
/usr/bin/cc -fPIC  CMakeFiles/cmTC_180e4.dir/src.c.o -o cmTC_180e4 
CMakeFiles/cmTC_180e4.dir/src.c.o: In function `main':
src.c:(.text+0x3e): undefined reference to `pthread_create'
src.c:(.text+0x4a): undefined reference to `pthread_detach'
src.c:(.text+0x56): undefined reference to `pthread_cancel'
src.c:(.text+0x67): undefined reference to `pthread_join'
src.c:(.text+0x7b): undefined reference to `pthread_atfork'
collect2: error: ld returned 1 exit status
CMakeFiles/cmTC_180e4.dir/build.make:98: recipe for target 'cmTC_180e4' failed
make[1]: *** [cmTC_180e4] Error 1
make[1]: Leaving directory '/home/poweruser/junda.feng/cuTransDNN/build/CMakeFiles/CMakeScratch/TryCompile-N4H6Qr'
Makefile:127: recipe for target 'cmTC_180e4/fast' failed
make: *** [cmTC_180e4/fast] Error 2


Source file was:
#include <pthread.h>

static void* test_func(void* data)
{
  return data;
}

int main(void)
{
  pthread_t thread;
  pthread_create(&thread, NULL, test_func, NULL);
  pthread_detach(thread);
  pthread_cancel(thread);
  pthread_join(thread, NULL);
  pthread_atfork(NULL, NULL, NULL);
  pthread_exit(NULL);

  return 0;
}


Determining if the function pthread_create exists in the pthreads failed with the following output:
Change Dir: /home/poweruser/junda.feng/cuTransDNN/build/CMakeFiles/CMakeScratch/TryCompile-QK3yFo

Run Build Command(s):/usr/bin/make -f Makefile cmTC_fcac1/fast && /usr/bin/make  -f CMakeFiles/cmTC_fcac1.dir/build.make CMakeFiles/cmTC_fcac1.dir/build
make[1]: Entering directory '/home/poweruser/junda.feng/cuTransDNN/build/CMakeFiles/CMakeScratch/TryCompile-QK3yFo'
Building C object CMakeFiles/cmTC_fcac1.dir/CheckFunctionExists.c.o
/usr/bin/cc   -fPIC -DCHECK_FUNCTION_EXISTS=pthread_create -o CMakeFiles/cmTC_fcac1.dir/CheckFunctionExists.c.o -c /home/poweruser/junda.feng/cuTransDNN/build/CMakeFiles/CMakeScratch/TryCompile-QK3yFo/CheckFunctionExists.c
Linking C executable cmTC_fcac1
/usr/local/bin/cmake -E cmake_link_script CMakeFiles/cmTC_fcac1.dir/link.txt --verbose=1
/usr/bin/cc -fPIC -DCHECK_FUNCTION_EXISTS=pthread_create CMakeFiles/cmTC_fcac1.dir/CheckFunctionExists.c.o -o cmTC_fcac1  -lpthreads 
/usr/bin/ld: cannot find -lpthreads
collect2: error: ld returned 1 exit status
CMakeFiles/cmTC_fcac1.dir/build.make:98: recipe for target 'cmTC_fcac1' failed
make[1]: *** [cmTC_fcac1] Error 1
make[1]: Leaving directory '/home/poweruser/junda.feng/cuTransDNN/build/CMakeFiles/CMakeScratch/TryCompile-QK3yFo'
Makefile:127: recipe for target 'cmTC_fcac1/fast' failed
make: *** [cmTC_fcac1/fast] Error 2



Detecting the CUDA native architecture(s) failed with the following output:
  No CUDA devices found.

Performing C SOURCE FILE Test CMAKE_HAVE_LIBC_PTHREAD failed with the following output:
Change Dir: /home/poweruser/junda.feng/cuTransDNN/build/CMakeFiles/CMakeScratch/TryCompile-t9smkq

Run Build Command(s):/usr/bin/make -f Makefile cmTC_93adf/fast && /usr/bin/make  -f CMakeFiles/cmTC_93adf.dir/build.make CMakeFiles/cmTC_93adf.dir/build
make[1]: Entering directory '/home/poweruser/junda.feng/cuTransDNN/build/CMakeFiles/CMakeScratch/TryCompile-t9smkq'
Building C object CMakeFiles/cmTC_93adf.dir/src.c.o
/usr/bin/cc -DCMAKE_HAVE_LIBC_PTHREAD  -fPIC  -o CMakeFiles/cmTC_93adf.dir/src.c.o -c /home/poweruser/junda.feng/cuTransDNN/build/CMakeFiles/CMakeScratch/TryCompile-t9smkq/src.c
Linking C executable cmTC_93adf
/usr/local/bin/cmake -E cmake_link_script CMakeFiles/cmTC_93adf.dir/link.txt --verbose=1
/usr/bin/cc -fPIC  CMakeFiles/cmTC_93adf.dir/src.c.o -o cmTC_93adf 
CMakeFiles/cmTC_93adf.dir/src.c.o: In function `main':
src.c:(.text+0x3e): undefined reference to `pthread_create'
src.c:(.text+0x4a): undefined reference to `pthread_detach'
src.c:(.text+0x56): undefined reference to `pthread_cancel'
src.c:(.text+0x67): undefined reference to `pthread_join'
src.c:(.text+0x7b): undefined reference to `pthread_atfork'
collect2: error: ld returned 1 exit status
CMakeFiles/cmTC_93adf.dir/build.make:98: recipe for target 'cmTC_93adf' failed
make[1]: *** [cmTC_93adf] Error 1
make[1]: Leaving directory '/home/poweruser/junda.feng/cuTransDNN/build/CMakeFiles/CMakeScratch/TryCompile-t9smkq'
Makefile:127: recipe for target 'cmTC_93adf/fast' failed
make: *** [cmTC_93adf/fast] Error 2


Source file was:
#include <pthread.h>

static void* test_func(void* data)
{
  return data;
}

int main(void)
{
  pthread_t thread;
  pthread_create(&thread, NULL, test_func, NULL);
  pthread_detach(thread);
  pthread_cancel(thread);
  pthread_join(thread, NULL);
  pthread_atfork(NULL, NULL, NULL);
  pthread_exit(NULL);

  return 0;
}


Determining if the function pthread_create exists in the pthreads failed with the following output:
Change Dir: /home/poweruser/junda.feng/cuTransDNN/build/CMakeFiles/CMakeScratch/TryCompile-meBCll

Run Build Command(s):/usr/bin/make -f Makefile cmTC_28853/fast && /usr/bin/make  -f CMakeFiles/cmTC_28853.dir/build.make CMakeFiles/cmTC_28853.dir/build
make[1]: Entering directory '/home/poweruser/junda.feng/cuTransDNN/build/CMakeFiles/CMakeScratch/TryCompile-meBCll'
Building C object CMakeFiles/cmTC_28853.dir/CheckFunctionExists.c.o
/usr/bin/cc   -fPIC -DCHECK_FUNCTION_EXISTS=pthread_create -o CMakeFiles/cmTC_28853.dir/CheckFunctionExists.c.o -c /home/poweruser/junda.feng/cuTransDNN/build/CMakeFiles/CMakeScratch/TryCompile-meBCll/CheckFunctionExists.c
Linking C executable cmTC_28853
/usr/local/bin/cmake -E cmake_link_script CMakeFiles/cmTC_28853.dir/link.txt --verbose=1
/usr/bin/cc -fPIC -DCHECK_FUNCTION_EXISTS=pthread_create CMakeFiles/cmTC_28853.dir/CheckFunctionExists.c.o -o cmTC_28853  -lpthreads 
/usr/bin/ld: cannot find -lpthreads
collect2: error: ld returned 1 exit status
CMakeFiles/cmTC_28853.dir/build.make:98: recipe for target 'cmTC_28853' failed
make[1]: *** [cmTC_28853] Error 1
make[1]: Leaving directory '/home/poweruser/junda.feng/cuTransDNN/build/CMakeFiles/CMakeScratch/TryCompile-meBCll'
Makefile:127: recipe for target 'cmTC_28853/fast' failed
make: *** [cmTC_28853/fast] Error 2



Detecting the CUDA native architecture(s) failed with the following output:
  No CUDA devices found.

Performing C SOURCE FILE Test CMAKE_HAVE_LIBC_PTHREAD failed with the following output:
Change Dir: /home/poweruser/junda.feng/cuSimpleDNN/build/CMakeFiles/CMakeScratch/TryCompile-H6KinN

Run Build Command(s):/usr/bin/make -f Makefile cmTC_d879e/fast && /usr/bin/make  -f CMakeFiles/cmTC_d879e.dir/build.make CMakeFiles/cmTC_d879e.dir/build
make[1]: Entering directory '/home/poweruser/junda.feng/cuSimpleDNN/build/CMakeFiles/CMakeScratch/TryCompile-H6KinN'
Building C object CMakeFiles/cmTC_d879e.dir/src.c.o
/usr/bin/cc -DCMAKE_HAVE_LIBC_PTHREAD  -fPIC  -o CMakeFiles/cmTC_d879e.dir/src.c.o -c /home/poweruser/junda.feng/cuSimpleDNN/build/CMakeFiles/CMakeScratch/TryCompile-H6KinN/src.c
Linking C executable cmTC_d879e
/usr/local/bin/cmake -E cmake_link_script CMakeFiles/cmTC_d879e.dir/link.txt --verbose=1
/usr/bin/cc -fPIC  CMakeFiles/cmTC_d879e.dir/src.c.o -o cmTC_d879e 
CMakeFiles/cmTC_d879e.dir/src.c.o: In function `main':
src.c:(.text+0x3e): undefined reference to `pthread_create'
src.c:(.text+0x4a): undefined reference to `pthread_detach'
src.c:(.text+0x56): undefined reference to `pthread_cancel'
src.c:(.text+0x67): undefined reference to `pthread_join'
src.c:(.text+0x7b): undefined reference to `pthread_atfork'
collect2: error: ld returned 1 exit status
CMakeFiles/cmTC_d879e.dir/build.make:98: recipe for target 'cmTC_d879e' failed
make[1]: *** [cmTC_d879e] Error 1
make[1]: Leaving directory '/home/poweruser/junda.feng/cuSimpleDNN/build/CMakeFiles/CMakeScratch/TryCompile-H6KinN'
Makefile:127: recipe for target 'cmTC_d879e/fast' failed
make: *** [cmTC_d879e/fast] Error 2


Source file was:
#include <pthread.h>

static void* test_func(void* data)
{
  return data;
}

int main(void)
{
  pthread_t thread;
  pthread_create(&thread, NULL, test_func, NULL);
  pthread_detach(thread);
  pthread_cancel(thread);
  pthread_join(thread, NULL);
  pthread_atfork(NULL, NULL, NULL);
  pthread_exit(NULL);

  return 0;
}


Determining if the function pthread_create exists in the pthreads failed with the following output:
Change Dir: /home/poweruser/junda.feng/cuSimpleDNN/build/CMakeFiles/CMakeScratch/TryCompile-wGysy4

Run Build Command(s):/usr/bin/make -f Makefile cmTC_c5da3/fast && /usr/bin/make  -f CMakeFiles/cmTC_c5da3.dir/build.make CMakeFiles/cmTC_c5da3.dir/build
make[1]: Entering directory '/home/poweruser/junda.feng/cuSimpleDNN/build/CMakeFiles/CMakeScratch/TryCompile-wGysy4'
Building C object CMakeFiles/cmTC_c5da3.dir/CheckFunctionExists.c.o
/usr/bin/cc   -fPIC -DCHECK_FUNCTION_EXISTS=pthread_create -o CMakeFiles/cmTC_c5da3.dir/CheckFunctionExists.c.o -c /home/poweruser/junda.feng/cuSimpleDNN/build/CMakeFiles/CMakeScratch/TryCompile-wGysy4/CheckFunctionExists.c
Linking C executable cmTC_c5da3
/usr/local/bin/cmake -E cmake_link_script CMakeFiles/cmTC_c5da3.dir/link.txt --verbose=1
/usr/bin/cc -fPIC -DCHECK_FUNCTION_EXISTS=pthread_create CMakeFiles/cmTC_c5da3.dir/CheckFunctionExists.c.o -o cmTC_c5da3  -lpthreads 
/usr/bin/ld: cannot find -lpthreads
collect2: error: ld returned 1 exit status
CMakeFiles/cmTC_c5da3.dir/build.make:98: recipe for target 'cmTC_c5da3' failed
make[1]: *** [cmTC_c5da3] Error 1
make[1]: Leaving directory '/home/poweruser/junda.feng/cuSimpleDNN/build/CMakeFiles/CMakeScratch/TryCompile-wGysy4'
Makefile:127: recipe for target 'cmTC_c5da3/fast' failed
make: *** [cmTC_c5da3/fast] Error 2



Detecting the CUDA native architecture(s) failed with the following output:
  No CUDA devices found.

Performing C SOURCE FILE Test CMAKE_HAVE_LIBC_PTHREAD failed with the following output:
Change Dir: /home/poweruser/junda.feng/cuSimpleDNN/build/CMakeFiles/CMakeScratch/TryCompile-1JYyzG

Run Build Command(s):/usr/bin/make -f Makefile cmTC_838f4/fast && /usr/bin/make  -f CMakeFiles/cmTC_838f4.dir/build.make CMakeFiles/cmTC_838f4.dir/build
make[1]: Entering directory '/home/poweruser/junda.feng/cuSimpleDNN/build/CMakeFiles/CMakeScratch/TryCompile-1JYyzG'
Building C object CMakeFiles/cmTC_838f4.dir/src.c.o
/usr/bin/cc -DCMAKE_HAVE_LIBC_PTHREAD  -fPIC  -o CMakeFiles/cmTC_838f4.dir/src.c.o -c /home/poweruser/junda.feng/cuSimpleDNN/build/CMakeFiles/CMakeScratch/TryCompile-1JYyzG/src.c
Linking C executable cmTC_838f4
/usr/local/bin/cmake -E cmake_link_script CMakeFiles/cmTC_838f4.dir/link.txt --verbose=1
/usr/bin/cc -fPIC  CMakeFiles/cmTC_838f4.dir/src.c.o -o cmTC_838f4 
CMakeFiles/cmTC_838f4.dir/src.c.o: In function `main':
src.c:(.text+0x3e): undefined reference to `pthread_create'
src.c:(.text+0x4a): undefined reference to `pthread_detach'
src.c:(.text+0x56): undefined reference to `pthread_cancel'
src.c:(.text+0x67): undefined reference to `pthread_join'
src.c:(.text+0x7b): undefined reference to `pthread_atfork'
collect2: error: ld returned 1 exit status
CMakeFiles/cmTC_838f4.dir/build.make:98: recipe for target 'cmTC_838f4' failed
make[1]: *** [cmTC_838f4] Error 1
make[1]: Leaving directory '/home/poweruser/junda.feng/cuSimpleDNN/build/CMakeFiles/CMakeScratch/TryCompile-1JYyzG'
Makefile:127: recipe for target 'cmTC_838f4/fast' failed
make: *** [cmTC_838f4/fast] Error 2


Source file was:
#include <pthread.h>

static void* test_func(void* data)
{
  return data;
}

int main(void)
{
  pthread_t thread;
  pthread_create(&thread, NULL, test_func, NULL);
  pthread_detach(thread);
  pthread_cancel(thread);
  pthread_join(thread, NULL);
  pthread_atfork(NULL, NULL, NULL);
  pthread_exit(NULL);

  return 0;
}


Determining if the function pthread_create exists in the pthreads failed with the following output:
Change Dir: /home/poweruser/junda.feng/cuSimpleDNN/build/CMakeFiles/CMakeScratch/TryCompile-MU5tFX

Run Build Command(s):/usr/bin/make -f Makefile cmTC_2165d/fast && /usr/bin/make  -f CMakeFiles/cmTC_2165d.dir/build.make CMakeFiles/cmTC_2165d.dir/build
make[1]: Entering directory '/home/poweruser/junda.feng/cuSimpleDNN/build/CMakeFiles/CMakeScratch/TryCompile-MU5tFX'
Building C object CMakeFiles/cmTC_2165d.dir/CheckFunctionExists.c.o
/usr/bin/cc   -fPIC -DCHECK_FUNCTION_EXISTS=pthread_create -o CMakeFiles/cmTC_2165d.dir/CheckFunctionExists.c.o -c /home/poweruser/junda.feng/cuSimpleDNN/build/CMakeFiles/CMakeScratch/TryCompile-MU5tFX/CheckFunctionExists.c
Linking C executable cmTC_2165d
/usr/local/bin/cmake -E cmake_link_script CMakeFiles/cmTC_2165d.dir/link.txt --verbose=1
/usr/bin/cc -fPIC -DCHECK_FUNCTION_EXISTS=pthread_create CMakeFiles/cmTC_2165d.dir/CheckFunctionExists.c.o -o cmTC_2165d  -lpthreads 
/usr/bin/ld: cannot find -lpthreads
collect2: error: ld returned 1 exit status
CMakeFiles/cmTC_2165d.dir/build.make:98: recipe for target 'cmTC_2165d' failed
make[1]: *** [cmTC_2165d] Error 1
make[1]: Leaving directory '/home/poweruser/junda.feng/cuSimpleDNN/build/CMakeFiles/CMakeScratch/TryCompile-MU5tFX'
Makefile:127: recipe for target 'cmTC_2165d/fast' failed
make: *** [cmTC_2165d/fast] Error 2



